[api-service]2023/04/17 - 16:34:27.090	[31merror[0m	D:/Project/api-service/command/dingtalk.go:33	Unmarshal error	{"error": "invalid character 'a' looking for beginning of object key string"}
[api-service]2023/04/17 - 16:34:27.392	[31merror[0m	D:/Project/api-service/command/dingtalk.go:43	SendMsg error	{"ErrCode": 310000, "ErrMsg": "invalid timestamp"}
[api-service]2023/04/17 - 16:34:27.393	[31merror[0m	D:/Project/api-service/command/dingtalk.go:33	Unmarshal error	{"error": "invalid character 'm' looking for beginning of object key string"}
[api-service]2023/04/17 - 16:34:27.535	[31merror[0m	D:/Project/api-service/command/dingtalk.go:43	SendMsg error	{"ErrCode": 310000, "ErrMsg": "invalid timestamp"}
[api-service]2023/04/17 - 16:34:27.535	[31merror[0m	D:/Project/api-service/command/dingtalk.go:33	Unmarshal error	{"error": "invalid character 'm' looking for beginning of object key string"}
[api-service]2023/04/17 - 16:34:27.681	[31merror[0m	D:/Project/api-service/command/dingtalk.go:43	SendMsg error	{"ErrCode": 310000, "ErrMsg": "invalid timestamp"}
[api-service]2023/04/17 - 16:34:27.681	[31merror[0m	D:/Project/api-service/command/dingtalk.go:33	Unmarshal error	{"error": "invalid character 'm' looking for beginning of object key string"}
[api-service]2023/04/17 - 16:34:27.794	[31merror[0m	D:/Project/api-service/command/dingtalk.go:43	SendMsg error	{"ErrCode": 310000, "ErrMsg": "invalid timestamp"}
[api-service]2023/04/17 - 16:34:27.794	[31merror[0m	D:/Project/api-service/command/dingtalk.go:33	Unmarshal error	{"error": "invalid character 'm' looking for beginning of object key string"}
[api-service]2023/04/17 - 16:34:27.931	[31merror[0m	D:/Project/api-service/command/dingtalk.go:43	SendMsg error	{"ErrCode": 310000, "ErrMsg": "invalid timestamp"}
[api-service]2023/04/17 - 16:35:27.945	[31merror[0m	D:/Project/api-service/command/dingtalk.go:33	Unmarshal error	{"error": "invalid character 'a' looking for beginning of object key string"}
[api-service]2023/04/17 - 16:35:27.952	[31merror[0m	D:/Project/api-service/command/dingtalk.go:33	Unmarshal error	{"error": "invalid character 'm' looking for beginning of object key string"}
[api-service]2023/04/17 - 16:35:27.952	[31merror[0m	D:/Project/api-service/command/dingtalk.go:33	Unmarshal error	{"error": "invalid character 'm' looking for beginning of object key string"}
[api-service]2023/04/17 - 16:35:27.952	[31merror[0m	D:/Project/api-service/command/dingtalk.go:33	Unmarshal error	{"error": "invalid character 'm' looking for beginning of object key string"}
[api-service]2023/04/17 - 16:35:27.952	[31merror[0m	D:/Project/api-service/command/dingtalk.go:33	Unmarshal error	{"error": "invalid character 'm' looking for beginning of object key string"}
[api-service]2023/04/17 - 16:45:37.441	[31merror[0m	D:/Project/api-service/command/dingtalk.go:33	Unmarshal error	{"error": "invalid character '\\'' looking for beginning of object key string"}
[api-service]2023/04/17 - 16:45:37.452	[31merror[0m	D:/Project/api-service/command/dingtalk.go:33	Unmarshal error	{"error": "invalid character '\\'' looking for beginning of object key string"}
[api-service]2023/04/17 - 16:45:37.453	[31merror[0m	D:/Project/api-service/command/dingtalk.go:33	Unmarshal error	{"error": "invalid character '\\'' looking for beginning of object key string"}
[api-service]2023/04/17 - 16:45:37.453	[31merror[0m	D:/Project/api-service/command/dingtalk.go:33	Unmarshal error	{"error": "invalid character '\\'' looking for beginning of object key string"}
[api-service]2023/04/17 - 16:45:37.453	[31merror[0m	D:/Project/api-service/command/dingtalk.go:33	Unmarshal error	{"error": "invalid character '\\'' looking for beginning of object key string"}
[api-service]2023/04/17 - 16:50:10.140	[31merror[0m	D:/Project/api-service/command/dingtalk.go:33	Unmarshal error	{"error": "invalid character 'a' looking for beginning of object key string"}
[api-service]2023/04/17 - 16:50:10.151	[31merror[0m	D:/Project/api-service/command/dingtalk.go:33	Unmarshal error	{"error": "invalid character 'm' looking for beginning of object key string"}
[api-service]2023/04/17 - 16:50:10.151	[31merror[0m	D:/Project/api-service/command/dingtalk.go:33	Unmarshal error	{"error": "invalid character 'm' looking for beginning of object key string"}
[api-service]2023/04/17 - 16:50:10.152	[31merror[0m	D:/Project/api-service/command/dingtalk.go:33	Unmarshal error	{"error": "invalid character 'm' looking for beginning of object key string"}
[api-service]2023/04/17 - 16:50:10.152	[31merror[0m	D:/Project/api-service/command/dingtalk.go:33	Unmarshal error	{"error": "invalid character 'm' looking for beginning of object key string"}
[api-service]2023/04/17 - 16:51:06.760	[31merror[0m	D:/Project/api-service/command/dingtalk.go:33	Unmarshal error	{"error": "invalid character 'a' looking for beginning of object key string"}
[api-service]2023/04/17 - 16:51:06.772	[31merror[0m	D:/Project/api-service/command/dingtalk.go:33	Unmarshal error	{"error": "invalid character 'm' looking for beginning of object key string"}
[api-service]2023/04/17 - 16:51:06.772	[31merror[0m	D:/Project/api-service/command/dingtalk.go:33	Unmarshal error	{"error": "invalid character 'm' looking for beginning of object key string"}
[api-service]2023/04/17 - 16:51:06.773	[31merror[0m	D:/Project/api-service/command/dingtalk.go:33	Unmarshal error	{"error": "invalid character 'm' looking for beginning of object key string"}
[api-service]2023/04/17 - 16:51:06.774	[31merror[0m	D:/Project/api-service/command/dingtalk.go:33	Unmarshal error	{"error": "invalid character 'm' looking for beginning of object key string"}
[api-service]2023/04/17 - 16:51:11.196	[31merror[0m	D:/Project/api-service/command/dingtalk.go:33	Unmarshal error	{"error": "invalid character 'a' looking for beginning of object key string"}
[api-service]2023/04/17 - 16:51:11.207	[31merror[0m	D:/Project/api-service/command/dingtalk.go:33	Unmarshal error	{"error": "invalid character 'm' looking for beginning of object key string"}
[api-service]2023/04/17 - 16:51:11.208	[31merror[0m	D:/Project/api-service/command/dingtalk.go:33	Unmarshal error	{"error": "invalid character 'm' looking for beginning of object key string"}
[api-service]2023/04/17 - 16:51:11.208	[31merror[0m	D:/Project/api-service/command/dingtalk.go:33	Unmarshal error	{"error": "invalid character 'm' looking for beginning of object key string"}
[api-service]2023/04/17 - 16:51:11.208	[31merror[0m	D:/Project/api-service/command/dingtalk.go:33	Unmarshal error	{"error": "invalid character 'm' looking for beginning of object key string"}
[api-service]2023/04/17 - 16:52:18.129	[31merror[0m	D:/Project/api-service/command/dingtalk.go:33	Unmarshal error	{"error": "invalid character 'a' looking for beginning of object key string"}
[api-service]2023/04/17 - 16:52:18.140	[31merror[0m	D:/Project/api-service/command/dingtalk.go:33	Unmarshal error	{"error": "invalid character 'm' looking for beginning of object key string"}
[api-service]2023/04/17 - 16:52:18.140	[31merror[0m	D:/Project/api-service/command/dingtalk.go:33	Unmarshal error	{"error": "invalid character 'm' looking for beginning of object key string"}
[api-service]2023/04/17 - 16:52:18.141	[31merror[0m	D:/Project/api-service/command/dingtalk.go:33	Unmarshal error	{"error": "invalid character 'm' looking for beginning of object key string"}
[api-service]2023/04/17 - 16:52:18.141	[31merror[0m	D:/Project/api-service/command/dingtalk.go:33	Unmarshal error	{"error": "invalid character 'm' looking for beginning of object key string"}
[api-service]2023/04/17 - 16:52:35.760	[31merror[0m	D:/Project/api-service/command/dingtalk.go:33	Unmarshal error	{"error": "invalid character 'a' looking for beginning of object key string"}
[api-service]2023/04/17 - 16:52:35.772	[31merror[0m	D:/Project/api-service/command/dingtalk.go:33	Unmarshal error	{"error": "invalid character 'm' looking for beginning of object key string"}
[api-service]2023/04/17 - 16:52:35.772	[31merror[0m	D:/Project/api-service/command/dingtalk.go:33	Unmarshal error	{"error": "invalid character 'm' looking for beginning of object key string"}
[api-service]2023/04/17 - 16:52:35.772	[31merror[0m	D:/Project/api-service/command/dingtalk.go:33	Unmarshal error	{"error": "invalid character 'm' looking for beginning of object key string"}
[api-service]2023/04/17 - 16:52:35.772	[31merror[0m	D:/Project/api-service/command/dingtalk.go:33	Unmarshal error	{"error": "invalid character 'm' looking for beginning of object key string"}
[api-service]2023/04/17 - 16:53:05.804	[31merror[0m	D:/Project/api-service/command/dingtalk.go:33	Unmarshal error	{"error": "invalid character 'a' looking for beginning of object key string"}
[api-service]2023/04/17 - 16:53:05.807	[31merror[0m	D:/Project/api-service/command/dingtalk.go:33	Unmarshal error	{"error": "invalid character 'm' looking for beginning of object key string"}
[api-service]2023/04/17 - 16:53:05.808	[31merror[0m	D:/Project/api-service/command/dingtalk.go:33	Unmarshal error	{"error": "invalid character 'm' looking for beginning of object key string"}
[api-service]2023/04/17 - 16:53:05.808	[31merror[0m	D:/Project/api-service/command/dingtalk.go:33	Unmarshal error	{"error": "invalid character 'm' looking for beginning of object key string"}
[api-service]2023/04/17 - 16:53:05.808	[31merror[0m	D:/Project/api-service/command/dingtalk.go:33	Unmarshal error	{"error": "invalid character 'm' looking for beginning of object key string"}
[api-service]2023/04/17 - 17:02:41.493	[31merror[0m	D:/Project/api-service/command/dingtalk.go:33	Unmarshal error	{"error": "invalid character 'a' looking for beginning of object key string"}
[api-service]2023/04/17 - 17:03:34.924	[31merror[0m	D:/Project/api-service/command/dingtalk.go:33	Unmarshal error	{"error": "invalid character 'a' looking for beginning of object key string"}
[api-service]2023/04/17 - 17:04:57.242	[31merror[0m	D:/Project/api-service/command/dingtalk.go:33	Unmarshal error	{"error": "invalid character 'a' looking for beginning of object key string"}
[api-service]2023/04/17 - 17:07:40.269	[31merror[0m	D:/Project/api-service/command/dingtalk.go:35	Unmarshal error	{"error": "json: cannot unmarshal string into Go value of type model.DingTalk"}
[api-service]2023/04/17 - 17:08:20.915	[31merror[0m	D:/Project/api-service/command/dingtalk.go:33	Unmarshal error	{"error": "invalid character 'a' looking for beginning of object key string"}
[api-service]2023/04/17 - 17:09:22.638	[31merror[0m	D:/Project/api-service/command/dingtalk.go:33	Unmarshal error	{"error": "unexpected end of JSON input"}
[api-service]2023/04/17 - 17:10:41.023	[31merror[0m	D:/Project/api-service/command/dingtalk.go:33	Unmarshal error	{"error": "unexpected end of JSON input"}
[api-service]2023/04/17 - 17:10:50.525	[31merror[0m	D:/Project/api-service/command/dingtalk.go:33	Unmarshal error	{"error": "unexpected end of JSON input"}
[api-service]2023/04/17 - 17:11:13.063	[31merror[0m	D:/Project/api-service/command/dingtalk.go:46	SendMsg error	{"ErrCode": 310000, "ErrMsg": "description:æœºå™¨äººå‘é€ç­¾åè¿‡æœŸ;solution:ç­¾åç”Ÿæˆæ—¶é—´å’Œå‘é€æ—¶é—´è¯·ä¿æŒåœ¨ timestampms ä»¥å†…;"}
[api-service]2023/04/17 - 17:12:31.091	[31merror[0m	D:/Project/api-service/command/dingtalk.go:46	SendMsg error	{"ErrCode": 310000, "ErrMsg": "description:æœºå™¨äººå‘é€ç­¾åè¿‡æœŸ;solution:ç­¾åç”Ÿæˆæ—¶é—´å’Œå‘é€æ—¶é—´è¯·ä¿æŒåœ¨ timestampms ä»¥å†…;"}
[api-service]2023/04/17 - 17:15:40.211	[31merror[0m	D:/Project/api-service/command/dingtalk.go:46	SendMsg error	{"ErrCode": 310000, "ErrMsg": "description:æœºå™¨äººå‘é€ç­¾åè¿‡æœŸ;solution:ç­¾åç”Ÿæˆæ—¶é—´å’Œå‘é€æ—¶é—´è¯·ä¿æŒåœ¨ timestampms ä»¥å†…;"}
[api-service]2023/04/17 - 17:16:53.837	[31merror[0m	D:/Project/api-service/command/dingtalk.go:46	SendMsg error	{"ErrCode": 310000, "ErrMsg": "description:æœºå™¨äººå‘é€ç­¾åè¿‡æœŸ;solution:ç­¾åç”Ÿæˆæ—¶é—´å’Œå‘é€æ—¶é—´è¯·ä¿æŒåœ¨ timestampms ä»¥å†…;"}
[api-service]2023/04/17 - 17:17:36.460	[31merror[0m	D:/Project/api-service/command/dingtalk.go:46	SendMsg error	{"ErrCode": 310000, "ErrMsg": "description:æœºå™¨äººå‘é€ç­¾åè¿‡æœŸ;solution:ç­¾åç”Ÿæˆæ—¶é—´å’Œå‘é€æ—¶é—´è¯·ä¿æŒåœ¨ timestampms ä»¥å†…;"}
[api-service]2023/04/17 - 17:22:17.935	[31merror[0m	D:/Project/api-service/command/dingtalk.go:46	SendMsg error	{"ErrCode": 310000, "ErrMsg": "description:æœºå™¨äººå‘é€ç­¾åè¿‡æœŸ;solution:ç­¾åç”Ÿæˆæ—¶é—´å’Œå‘é€æ—¶é—´è¯·ä¿æŒåœ¨ timestampms ä»¥å†…;"}
[api-service]2023/04/17 - 17:22:37.293	[31merror[0m	D:/Project/api-service/command/dingtalk.go:46	SendMsg error	{"ErrCode": 310000, "ErrMsg": "description:æœºå™¨äººå‘é€ç­¾åè¿‡æœŸ;solution:ç­¾åç”Ÿæˆæ—¶é—´å’Œå‘é€æ—¶é—´è¯·ä¿æŒåœ¨ timestampms ä»¥å†…;"}
[api-service]2023/04/17 - 17:28:22.694	[31merror[0m	D:/Project/api-service/command/dingtalk.go:46	SendMsg error	{"ErrCode": 310000, "ErrMsg": "description:æœºå™¨äººå‘é€ç­¾åè¿‡æœŸ;solution:ç­¾åç”Ÿæˆæ—¶é—´å’Œå‘é€æ—¶é—´è¯·ä¿æŒåœ¨ timestampms ä»¥å†…;"}
[api-service]2023/04/17 - 17:34:31.791	[31merror[0m	D:/Project/api-service/command/dingtalk.go:46	SendMsg error	{"ErrCode": 310000, "ErrMsg": "description:æœºå™¨äººå‘é€ç­¾åä¸åŒ¹é…;solution:è¯·ç¡®è®¤ç­¾åå’Œç”Ÿæˆç­¾åçš„æ—¶é—´æˆ³å¿…é¡»éƒ½æ”¾åœ¨è°ƒç”¨çš„ç½‘å€ä¸­ï¼Œè¯·ç¡®è®¤æœºå™¨äººçš„å¯†é’¥åŠ å¯†å’Œå¡«å†™æ­£ç¡®;link:è¯·å‚è€ƒæœ¬æ¥å£å¯¹åº”æ–‡æ¡£è·å¾—å…·ä½“è¦æ±‚ï¼Œæˆ–è€…åœ¨https://open.dingtalk.com/document/  æœç´¢ç›¸å…³æ–‡æ¡£;"}
[api-service]2023/04/17 - 17:34:59.939	[31merror[0m	D:/Project/api-service/command/dingtalk.go:46	SendMsg error	{"ErrCode": 310000, "ErrMsg": "description:æœºå™¨äººå‘é€ç­¾åè¿‡æœŸ;solution:ç­¾åç”Ÿæˆæ—¶é—´å’Œå‘é€æ—¶é—´è¯·ä¿æŒåœ¨ timestampms ä»¥å†…;"}
[api-service]2023/04/17 - 17:37:00.936	[31merror[0m	D:/Project/api-service/command/dingtalk.go:46	SendMsg error	{"ErrCode": 310000, "ErrMsg": "description:æœºå™¨äººå‘é€ç­¾åè¿‡æœŸ;solution:ç­¾åç”Ÿæˆæ—¶é—´å’Œå‘é€æ—¶é—´è¯·ä¿æŒåœ¨ timestampms ä»¥å†…;"}
[api-service]2023/04/17 - 17:38:52.139	[31merror[0m	D:/Project/api-service/command/dingtalk.go:46	SendMsg error	{"ErrCode": 310000, "ErrMsg": "description:æœºå™¨äººå‘é€ç­¾åè¿‡æœŸ;solution:ç­¾åç”Ÿæˆæ—¶é—´å’Œå‘é€æ—¶é—´è¯·ä¿æŒåœ¨ timestampms ä»¥å†…;"}
[api-service]2023/04/17 - 17:40:52.055	[31merror[0m	D:/Project/api-service/command/dingtalk.go:46	SendMsg error	{"ErrCode": 310000, "ErrMsg": "description:æœºå™¨äººå‘é€ç­¾åè¿‡æœŸ;solution:ç­¾åç”Ÿæˆæ—¶é—´å’Œå‘é€æ—¶é—´è¯·ä¿æŒåœ¨ timestampms ä»¥å†…;"}
[api-service]2023/04/17 - 17:41:00.861	[31merror[0m	D:/Project/api-service/command/dingtalk.go:46	SendMsg error	{"ErrCode": 310000, "ErrMsg": "description:æœºå™¨äººå‘é€ç­¾åè¿‡æœŸ;solution:ç­¾åç”Ÿæˆæ—¶é—´å’Œå‘é€æ—¶é—´è¯·ä¿æŒåœ¨ timestampms ä»¥å†…;"}
[api-service]2023/04/17 - 17:47:39.734	[31merror[0m	D:/Project/api-service/command/dingtalk.go:46	SendMsg error	{"ErrCode": 310000, "ErrMsg": "description:æœºå™¨äººå‘é€ç­¾åè¿‡æœŸ;solution:ç­¾åç”Ÿæˆæ—¶é—´å’Œå‘é€æ—¶é—´è¯·ä¿æŒåœ¨ timestampms ä»¥å†…;"}
